Mon, 13 Jan 2014 11:36:14 CET: class RSSThread, method update, Start to read new subscriptions
Mon, 13 Jan 2014 11:36:15 CET: class RSSThread, method update, Finish to read new subscriptions
Mon, 13 Jan 2014 11:36:15 CET: class RSSThread, method update, Start to read new sources
Mon, 13 Jan 2014 11:36:15 CET: class RSSThread, method update, Finish to read new sources
Mon, 13 Jan 2014 11:36:15 CET: class RSSThread, method run, RSS Server started!
Mon, 13 Jan 2014 11:36:15 CET: class RSSThread, method run, First visit: http://www.faz.net/rss/aktuell/finanzen/
Mon, 13 Jan 2014 11:36:20 CET: class RSSThread, method run, First visit: http://newsfeed.zeit.de/wissen/index
Mon, 13 Jan 2014 11:36:50 CET: class RSSThread, method run, First visit: http://rss.cnn.com/rss/edition_technology.rss
Mon, 13 Jan 2014 11:37:20 CET: class RSSThread, method run, First visit: http://rss.cnn.com/rss/edition_technology.rss
Mon, 13 Jan 2014 11:37:50 CET: class RSSThread, method run, First visit: http://www.faz.net/rss/aktuell/feuilleton/
Mon, 13 Jan 2014 11:38:20 CET: class RSSThread, method run, First visit: http://www.faz.net/rss/aktuell/feuilleton/
Mon, 13 Jan 2014 11:38:50 CET: class RSSThread, method run, First visit: http://rss.cnn.com/rss/edition_entertainment.rss
Mon, 13 Jan 2014 11:39:20 CET: class RSSThread, method run, First visit: http://rss.cnn.com/rss/edition_entertainment.rss
Mon, 13 Jan 2014 11:39:50 CET: class RSSThread, method run, First visit: http://www.faz.net/rss/aktuell/wissen/
Mon, 13 Jan 2014 11:40:20 CET: class RSSThread, method run, First visit: http://www.faz.net/rss/aktuell/wissen/
Mon, 13 Jan 2014 11:40:50 CET: class RSSThread, method run, First visit: http://newsfeed.zeit.de/digital/index
Mon, 13 Jan 2014 11:41:20 CET: class RSSThread, method run, First visit: http://newsfeed.zeit.de/digital/index
Mon, 13 Jan 2014 11:41:51 CET: class RSSThread, method run, First visit: http://rss.cnn.com/rss/edition.rss
Mon, 13 Jan 2014 11:42:20 CET: class RSSThread, method run, First visit: http://rss.cnn.com/rss/edition.rss
Mon, 13 Jan 2014 11:42:51 CET: class RSSThread, method run, First visit: http://www.faz.net/rss/aktuell/wirtschaft/
Mon, 13 Jan 2014 11:43:20 CET: class RSSThread, method run, First visit: http://www.faz.net/rss/aktuell/wirtschaft/
Mon, 13 Jan 2014 11:43:51 CET: class RSSThread, method run, First visit: http://newsfeed.zeit.de/reisen/index
Mon, 13 Jan 2014 11:44:21 CET: class RSSThread, method run, First visit: http://newsfeed.zeit.de/reisen/index
Mon, 13 Jan 2014 11:44:51 CET: class RSSThread, method run, First visit: http://newsfeed.zeit.de/lebensart/index
Mon, 13 Jan 2014 11:45:21 CET: class RSSThread, method run, First visit: http://newsfeed.zeit.de/lebensart/index
Mon, 13 Jan 2014 11:45:51 CET: class RSSThread, method run, First visit: http://www.faz.net/rss/aktuell/beruf-chance/
Mon, 13 Jan 2014 11:46:21 CET: class RSSThread, method run, First visit: http://www.faz.net/rss/aktuell/beruf-chance/
Mon, 13 Jan 2014 11:46:51 CET: class RSSThread, method run, First visit: http://www.spiegel.de/netzwelt/index.rss
Mon, 13 Jan 2014 11:47:21 CET: class RSSThread, method run, First visit: http://www.spiegel.de/netzwelt/index.rss
Mon, 13 Jan 2014 11:47:51 CET: class RSSThread, method run, First visit: http://www.faz.net/rss/aktuell/politik/
Mon, 13 Jan 2014 11:48:21 CET: class RSSThread, method run, First visit: http://www.faz.net/rss/aktuell/politik/
Mon, 13 Jan 2014 11:48:51 CET: class RSSThread, method run, First visit: http://newsfeed.zeit.de/sport/index
Mon, 13 Jan 2014 11:49:21 CET: class RSSThread, method run, First visit: http://newsfeed.zeit.de/sport/index
Mon, 13 Jan 2014 11:49:51 CET: class RSSThread, method run, First visit: http://rss.cnn.com/rss/edition_business.rss
Mon, 13 Jan 2014 11:50:21 CET: class RSSThread, method run, First visit: http://rss.cnn.com/rss/edition_business.rss
Mon, 13 Jan 2014 11:50:51 CET: class RSSThread, method run, First visit: http://rss.cnn.com/rss/edition_space.rss
Mon, 13 Jan 2014 11:50:51 CET: class RSSThread, method run, Override interval with 10 minutes for CNN.com - Science and Space
Mon, 13 Jan 2014 11:50:51 CET: class RSSThread, method run, First visit: http://rss.cnn.com/rss/edition_sport.rss
Mon, 13 Jan 2014 11:51:21 CET: class RSSThread, method run, First visit: http://rss.cnn.com/rss/edition_space.rss
Mon, 13 Jan 2014 11:51:21 CET: class RSSThread, method run, Override interval with 10 minutes for CNN.com - Science and Space
Mon, 13 Jan 2014 11:51:21 CET: class RSSThread, method run, First visit: http://rss.cnn.com/rss/edition_sport.rss
Mon, 13 Jan 2014 11:51:52 CET: class RSSThread, method run, First visit: http://feeds.washingtonpost.com/rss/sports
Mon, 13 Jan 2014 11:52:21 CET: class RSSThread, method run, First visit: http://feeds.washingtonpost.com/rss/sports
Mon, 13 Jan 2014 11:52:52 CET: class RSSThread, method run, First visit: http://newsfeed.zeit.de/kultur/index
Mon, 13 Jan 2014 11:53:22 CET: class RSSThread, method run, First visit: http://newsfeed.zeit.de/kultur/index
Mon, 13 Jan 2014 11:53:52 CET: class RSSThread, method run, First visit: http://www.faz.net/rss/aktuell/reise/
Mon, 13 Jan 2014 11:54:22 CET: class RSSThread, method run, First visit: http://www.faz.net/rss/aktuell/reise/
Mon, 13 Jan 2014 11:54:53 CET: class RSSThread, method run, First visit: http://www.spiegel.de/wirtschaft/index.rss
Mon, 13 Jan 2014 11:55:22 CET: class RSSThread, method run, First visit: http://www.spiegel.de/wirtschaft/index.rss
Mon, 13 Jan 2014 11:55:53 CET: class RSSThread, method run, First visit: http://newsfeed.zeit.de/wirtschaft/index
Mon, 13 Jan 2014 11:56:22 CET: class RSSThread, method run, First visit: http://newsfeed.zeit.de/wirtschaft/index
Mon, 13 Jan 2014 11:56:53 CET: class RSSThread, method run, First visit: http://www.spiegel.de/wissenschaft/index.rss
Mon, 13 Jan 2014 11:57:22 CET: class RSSThread, method run, First visit: http://www.spiegel.de/wissenschaft/index.rss
Mon, 13 Jan 2014 11:57:53 CET: class RSSThread, method run, First visit: http://www.spiegel.de/kultur/index.rss
Mon, 13 Jan 2014 11:58:23 CET: class RSSThread, method run, First visit: http://www.spiegel.de/kultur/index.rss
Mon, 13 Jan 2014 11:58:53 CET: class RSSThread, method run, First visit: http://www.spiegel.de/politik/index.rss
Mon, 13 Jan 2014 11:59:23 CET: class RSSThread, method run, First visit: http://www.spiegel.de/politik/index.rss
Mon, 13 Jan 2014 11:59:53 CET: class RSSThread, method run, First visit: http://newsfeed.zeit.de/auto/index
Mon, 13 Jan 2014 11:59:53 CET: class RSSThread, method run, First visit: http://newsfeed.zeit.de/karriere/index
Mon, 13 Jan 2014 12:00:23 CET: class RSSThread, method run, First visit: http://newsfeed.zeit.de/auto/index
Mon, 13 Jan 2014 12:00:23 CET: class RSSThread, method run, First visit: http://newsfeed.zeit.de/karriere/index
Mon, 13 Jan 2014 12:00:53 CET: class RSSThread, method run, First visit: http://newsfeed.zeit.de/studium/index
Mon, 13 Jan 2014 12:01:23 CET: class RSSThread, method run, First visit: http://newsfeed.zeit.de/studium/index
Mon, 13 Jan 2014 12:01:53 CET: class RSSThread, method run, First visit: http://newsfeed.zeit.de/meinung/index
Mon, 13 Jan 2014 12:02:23 CET: class RSSThread, method run, First visit: http://newsfeed.zeit.de/meinung/index
Mon, 13 Jan 2014 12:02:53 CET: class RSSThread, method run, First visit: http://newsfeed.zeit.de/politik/index
Mon, 13 Jan 2014 12:03:23 CET: class RSSThread, method run, First visit: http://newsfeed.zeit.de/politik/index
Mon, 13 Jan 2014 12:03:53 CET: class RSSThread, method run, First visit: http://www.faz.net/rss/aktuell/technik-motor/
Mon, 13 Jan 2014 12:04:23 CET: class RSSThread, method run, First visit: http://www.faz.net/rss/aktuell/technik-motor/
Mon, 13 Jan 2014 12:18:04 CET: class RSSThread, method run, Visiting: http://www.faz.net/rss/aktuell/finanzen/
Mon, 13 Jan 2014 12:18:04 CET: class RSSThread, method run, Visiting: http://www.faz.net/rss/aktuell/finanzen/
Mon, 13 Jan 2014 12:19:15 CET: class RSSThread, method run, Visiting: http://newsfeed.zeit.de/gesellschaft/index
Mon, 13 Jan 2014 12:19:15 CET: class RSSThread, method run, Visiting: http://newsfeed.zeit.de/gesellschaft/index
Mon, 13 Jan 2014 12:20:15 CET: class RSSThread, method run, Visiting: http://www.faz.net/rss/aktuell/sport/
Mon, 13 Jan 2014 12:20:16 CET: class RSSThread, method run, Visiting: http://www.faz.net/rss/aktuell/sport/
Mon, 13 Jan 2014 12:21:16 CET: class RSSThread, method run, Visiting: http://www.spiegel.de/sport/index.rss
Mon, 13 Jan 2014 12:21:16 CET: class RSSThread, method run, Visiting: http://www.spiegel.de/sport/index.rss
Mon, 13 Jan 2014 12:22:16 CET: class RSSThread, method run, Visiting: http://feeds.washingtonpost.com/rss/politics
Mon, 13 Jan 2014 12:22:16 CET: class RSSThread, method run, Visiting: http://feeds.washingtonpost.com/rss/politics
Mon, 13 Jan 2014 12:23:16 CET: class RSSThread, method run, Visiting: http://www.faz.net/rss/aktuell/gesellschaft/
Mon, 13 Jan 2014 12:23:16 CET: class RSSThread, method run, Visiting: http://www.faz.net/rss/aktuell/gesellschaft/
Mon, 13 Jan 2014 12:24:16 CET: class RSSThread, method run, Visiting: http://newsfeed.zeit.de/wissen/index
Mon, 13 Jan 2014 12:24:16 CET: class RSSThread, method run, Visiting: http://newsfeed.zeit.de/wissen/index
Mon, 13 Jan 2014 12:25:16 CET: class RSSThread, method run, Visiting: http://rss.cnn.com/rss/edition_technology.rss
Mon, 13 Jan 2014 12:25:16 CET: class RSSThread, method run, Visiting: http://rss.cnn.com/rss/edition_technology.rss
Mon, 13 Jan 2014 12:26:16 CET: class RSSThread, method run, Visiting: http://www.faz.net/rss/aktuell/feuilleton/
Mon, 13 Jan 2014 12:26:16 CET: class RSSThread, method run, Visiting: http://www.faz.net/rss/aktuell/feuilleton/
Mon, 13 Jan 2014 12:27:16 CET: class RSSThread, method run, Visiting: http://rss.cnn.com/rss/edition_entertainment.rss
Mon, 13 Jan 2014 12:27:17 CET: class RSSThread, method run, Visiting: http://rss.cnn.com/rss/edition_entertainment.rss
Mon, 13 Jan 2014 12:28:16 CET: class RSSThread, method run, Visiting: http://www.faz.net/rss/aktuell/wissen/
Mon, 13 Jan 2014 12:28:17 CET: class RSSThread, method run, Visiting: http://www.faz.net/rss/aktuell/wissen/
Mon, 13 Jan 2014 12:29:17 CET: class RSSThread, method run, Visiting: http://newsfeed.zeit.de/digital/index
Mon, 13 Jan 2014 12:29:17 CET: class RSSThread, method run, Visiting: http://newsfeed.zeit.de/digital/index
Mon, 13 Jan 2014 12:30:17 CET: class RSSThread, method run, Visiting: http://rss.cnn.com/rss/edition.rss
Mon, 13 Jan 2014 12:30:17 CET: class RSSThread, method run, Visiting: http://rss.cnn.com/rss/edition.rss
Mon, 13 Jan 2014 12:31:17 CET: class RSSThread, method run, Visiting: http://www.faz.net/rss/aktuell/wirtschaft/
Mon, 13 Jan 2014 12:31:17 CET: class RSSThread, method run, Visiting: http://www.faz.net/rss/aktuell/wirtschaft/
Mon, 13 Jan 2014 12:32:17 CET: class RSSThread, method run, Visiting: http://newsfeed.zeit.de/reisen/index
Mon, 13 Jan 2014 12:32:17 CET: class RSSThread, method run, Visiting: http://newsfeed.zeit.de/reisen/index
Mon, 13 Jan 2014 12:33:17 CET: class RSSThread, method run, Visiting: http://newsfeed.zeit.de/lebensart/index
Mon, 13 Jan 2014 12:33:17 CET: class RSSThread, method run, Visiting: http://newsfeed.zeit.de/lebensart/index
Mon, 13 Jan 2014 12:34:17 CET: class RSSThread, method run, Visiting: http://www.faz.net/rss/aktuell/beruf-chance/
Mon, 13 Jan 2014 12:34:17 CET: class RSSThread, method run, Visiting: http://www.faz.net/rss/aktuell/beruf-chance/
Mon, 13 Jan 2014 12:35:17 CET: class RSSThread, method run, Visiting: http://www.spiegel.de/netzwelt/index.rss
Mon, 13 Jan 2014 12:35:17 CET: class RSSThread, method run, Visiting: http://www.spiegel.de/netzwelt/index.rss
Mon, 13 Jan 2014 12:36:17 CET: class RSSThread, method run, Visiting: http://www.faz.net/rss/aktuell/politik/
Mon, 13 Jan 2014 12:36:17 CET: class RSSThread, method run, Visiting: http://www.faz.net/rss/aktuell/politik/
Mon, 13 Jan 2014 12:37:17 CET: class RSSThread, method run, Visiting: http://newsfeed.zeit.de/sport/index
Mon, 13 Jan 2014 12:37:17 CET: class RSSThread, method run, Visiting: http://newsfeed.zeit.de/sport/index
Mon, 13 Jan 2014 12:38:17 CET: class RSSThread, method run, Visiting: http://rss.cnn.com/rss/edition_business.rss
Mon, 13 Jan 2014 12:38:18 CET: class RSSThread, method run, Visiting: http://rss.cnn.com/rss/edition_business.rss
Mon, 13 Jan 2014 12:39:17 CET: class RSSThread, method run, Visiting: http://rss.cnn.com/rss/edition_space.rss
Mon, 13 Jan 2014 12:39:18 CET: class RSSThread, method run, Visiting: http://rss.cnn.com/rss/edition_sport.rss
Mon, 13 Jan 2014 12:39:18 CET: class RSSThread, method run, Visiting: http://rss.cnn.com/rss/edition_space.rss
Mon, 13 Jan 2014 12:39:18 CET: class RSSThread, method run, Visiting: http://rss.cnn.com/rss/edition_sport.rss
Mon, 13 Jan 2014 12:40:18 CET: class RSSThread, method run, Visiting: http://feeds.washingtonpost.com/rss/sports
Mon, 13 Jan 2014 12:40:18 CET: class RSSThread, method run, Visiting: http://feeds.washingtonpost.com/rss/sports
Mon, 13 Jan 2014 12:41:18 CET: class RSSThread, method run, Visiting: http://newsfeed.zeit.de/kultur/index
Mon, 13 Jan 2014 12:41:18 CET: class RSSThread, method run, Visiting: http://newsfeed.zeit.de/kultur/index
Mon, 13 Jan 2014 12:42:18 CET: class RSSThread, method run, Visiting: http://www.faz.net/rss/aktuell/reise/
Mon, 13 Jan 2014 12:42:18 CET: class RSSThread, method run, Visiting: http://www.faz.net/rss/aktuell/reise/
Mon, 13 Jan 2014 12:43:19 CET: class RSSThread, method run, Visiting: http://www.spiegel.de/wirtschaft/index.rss
Mon, 13 Jan 2014 12:43:19 CET: class RSSThread, method run, Visiting: http://www.spiegel.de/wirtschaft/index.rss
Mon, 13 Jan 2014 12:44:19 CET: class RSSThread, method run, Visiting: http://newsfeed.zeit.de/wirtschaft/index
Mon, 13 Jan 2014 12:44:19 CET: class RSSThread, method run, Visiting: http://newsfeed.zeit.de/wirtschaft/index
Mon, 13 Jan 2014 12:45:19 CET: class RSSThread, method run, Visiting: http://www.spiegel.de/wissenschaft/index.rss
Mon, 13 Jan 2014 12:45:19 CET: class RSSThread, method run, Visiting: http://www.spiegel.de/wissenschaft/index.rss
Mon, 13 Jan 2014 12:46:19 CET: class RSSThread, method run, Visiting: http://www.spiegel.de/kultur/index.rss
Mon, 13 Jan 2014 12:46:19 CET: class RSSThread, method run, Visiting: http://www.spiegel.de/kultur/index.rss
Mon, 13 Jan 2014 12:47:19 CET: class RSSThread, method run, Visiting: http://www.spiegel.de/politik/index.rss
Mon, 13 Jan 2014 12:47:19 CET: class RSSThread, method run, Visiting: http://www.spiegel.de/politik/index.rss
Mon, 13 Jan 2014 12:48:19 CET: class RSSThread, method run, Visiting: http://newsfeed.zeit.de/auto/index
Mon, 13 Jan 2014 12:48:19 CET: class RSSThread, method run, Visiting: http://newsfeed.zeit.de/karriere/index
Mon, 13 Jan 2014 12:48:19 CET: class RSSThread, method run, Visiting: http://newsfeed.zeit.de/auto/index
Mon, 13 Jan 2014 12:48:20 CET: class RSSThread, method run, Visiting: http://newsfeed.zeit.de/karriere/index
Mon, 13 Jan 2014 12:49:19 CET: class RSSThread, method run, Visiting: http://newsfeed.zeit.de/studium/index
Mon, 13 Jan 2014 12:49:20 CET: class RSSThread, method run, Visiting: http://newsfeed.zeit.de/studium/index
Mon, 13 Jan 2014 12:50:19 CET: class RSSThread, method run, Visiting: http://newsfeed.zeit.de/meinung/index
Mon, 13 Jan 2014 12:50:20 CET: class RSSThread, method run, Visiting: http://newsfeed.zeit.de/meinung/index
Mon, 13 Jan 2014 12:51:19 CET: class RSSThread, method run, Visiting: http://newsfeed.zeit.de/politik/index
Mon, 13 Jan 2014 12:51:20 CET: class RSSThread, method run, Visiting: http://newsfeed.zeit.de/politik/index
Mon, 13 Jan 2014 12:52:19 CET: class RSSThread, method run, Visiting: http://www.faz.net/rss/aktuell/technik-motor/
Mon, 13 Jan 2014 12:52:20 CET: class RSSThread, method run, Visiting: http://www.faz.net/rss/aktuell/technik-motor/
Mon, 13 Jan 2014 12:55:19 CET: class RSSThread, method run, Visiting: http://www.faz.net/rss/aktuell/finanzen/
Mon, 13 Jan 2014 12:55:20 CET: class RSSThread, method run, Visiting: http://www.faz.net/rss/aktuell/finanzen/
Mon, 13 Jan 2014 12:56:20 CET: class RSSThread, method run, Visiting: http://newsfeed.zeit.de/gesellschaft/index
Mon, 13 Jan 2014 12:56:20 CET: class RSSThread, method run, Visiting: http://newsfeed.zeit.de/gesellschaft/index
Mon, 13 Jan 2014 12:57:20 CET: class RSSThread, method run, Visiting: http://www.faz.net/rss/aktuell/sport/
Mon, 13 Jan 2014 12:57:20 CET: class RSSThread, method run, Visiting: http://www.faz.net/rss/aktuell/sport/
Mon, 13 Jan 2014 12:58:20 CET: class RSSThread, method run, Visiting: http://www.spiegel.de/sport/index.rss
Mon, 13 Jan 2014 12:58:20 CET: class RSSThread, method run, Visiting: http://www.spiegel.de/sport/index.rss
Mon, 13 Jan 2014 12:59:20 CET: class RSSThread, method run, Visiting: http://feeds.washingtonpost.com/rss/politics
Mon, 13 Jan 2014 12:59:20 CET: class RSSThread, method run, Visiting: http://feeds.washingtonpost.com/rss/politics
Mon, 13 Jan 2014 13:00:20 CET: class RSSThread, method run, Visiting: http://www.faz.net/rss/aktuell/gesellschaft/
Mon, 13 Jan 2014 13:00:20 CET: class RSSThread, method run, Visiting: http://www.faz.net/rss/aktuell/gesellschaft/
Mon, 13 Jan 2014 13:01:20 CET: class RSSThread, method run, Visiting: http://newsfeed.zeit.de/wissen/index
Mon, 13 Jan 2014 13:01:20 CET: class RSSThread, method run, Visiting: http://newsfeed.zeit.de/wissen/index
Mon, 13 Jan 2014 13:02:20 CET: class RSSThread, method run, Visiting: http://rss.cnn.com/rss/edition_technology.rss
Mon, 13 Jan 2014 13:02:21 CET: class RSSThread, method run, Visiting: http://rss.cnn.com/rss/edition_technology.rss
Mon, 13 Jan 2014 13:03:20 CET: class RSSThread, method run, Visiting: http://www.faz.net/rss/aktuell/feuilleton/
Mon, 13 Jan 2014 13:03:21 CET: class RSSThread, method run, Visiting: http://www.faz.net/rss/aktuell/feuilleton/
Mon, 13 Jan 2014 13:04:20 CET: class RSSThread, method run, Visiting: http://rss.cnn.com/rss/edition_entertainment.rss
Mon, 13 Jan 2014 13:04:21 CET: class RSSThread, method run, Visiting: http://rss.cnn.com/rss/edition_entertainment.rss
Mon, 13 Jan 2014 13:05:21 CET: class RSSThread, method run, Visiting: http://www.faz.net/rss/aktuell/wissen/
Mon, 13 Jan 2014 13:05:21 CET: class RSSThread, method run, Visiting: http://www.faz.net/rss/aktuell/wissen/
Mon, 13 Jan 2014 13:06:21 CET: class RSSThread, method run, Visiting: http://newsfeed.zeit.de/digital/index
Mon, 13 Jan 2014 13:06:21 CET: class RSSThread, method run, Visiting: http://newsfeed.zeit.de/digital/index
Mon, 13 Jan 2014 13:07:21 CET: class RSSThread, method run, Visiting: http://rss.cnn.com/rss/edition.rss
Mon, 13 Jan 2014 13:07:21 CET: class RSSThread, method run, Visiting: http://rss.cnn.com/rss/edition.rss
Mon, 13 Jan 2014 13:08:21 CET: class RSSThread, method run, Visiting: http://www.faz.net/rss/aktuell/wirtschaft/
Mon, 13 Jan 2014 13:08:21 CET: class RSSThread, method run, Visiting: http://www.faz.net/rss/aktuell/wirtschaft/
Mon, 13 Jan 2014 13:09:21 CET: class RSSThread, method run, Visiting: http://newsfeed.zeit.de/reisen/index
Mon, 13 Jan 2014 13:09:21 CET: class RSSThread, method run, Visiting: http://newsfeed.zeit.de/reisen/index
Mon, 13 Jan 2014 13:10:21 CET: class RSSThread, method run, Visiting: http://newsfeed.zeit.de/lebensart/index
Mon, 13 Jan 2014 13:10:21 CET: class RSSThread, method run, Visiting: http://newsfeed.zeit.de/lebensart/index
Mon, 13 Jan 2014 13:11:21 CET: class RSSThread, method run, Visiting: http://www.faz.net/rss/aktuell/beruf-chance/
Mon, 13 Jan 2014 13:11:21 CET: class RSSThread, method run, Visiting: http://www.faz.net/rss/aktuell/beruf-chance/
Mon, 13 Jan 2014 13:12:21 CET: class RSSThread, method run, Visiting: http://www.spiegel.de/netzwelt/index.rss
Mon, 13 Jan 2014 13:12:21 CET: class RSSThread, method run, Visiting: http://www.spiegel.de/netzwelt/index.rss
Mon, 13 Jan 2014 13:13:21 CET: class RSSThread, method run, Visiting: http://www.faz.net/rss/aktuell/politik/
Mon, 13 Jan 2014 13:13:21 CET: class RSSThread, method run, Visiting: http://www.faz.net/rss/aktuell/politik/
Mon, 13 Jan 2014 13:14:21 CET: class RSSThread, method run, Visiting: http://newsfeed.zeit.de/sport/index
Mon, 13 Jan 2014 13:14:22 CET: class RSSThread, method run, Visiting: http://newsfeed.zeit.de/sport/index
Mon, 13 Jan 2014 13:15:21 CET: class RSSThread, method run, Visiting: http://rss.cnn.com/rss/edition_business.rss
Mon, 13 Jan 2014 13:15:22 CET: class RSSThread, method run, Visiting: http://rss.cnn.com/rss/edition_business.rss
Mon, 13 Jan 2014 13:16:22 CET: class RSSThread, method run, Visiting: http://rss.cnn.com/rss/edition_space.rss
Mon, 13 Jan 2014 13:16:22 CET: class RSSThread, method run, Visiting: http://rss.cnn.com/rss/edition_sport.rss
Mon, 13 Jan 2014 13:16:22 CET: class RSSThread, method run, Visiting: http://rss.cnn.com/rss/edition_space.rss
Mon, 13 Jan 2014 13:16:22 CET: class RSSThread, method run, Visiting: http://rss.cnn.com/rss/edition_sport.rss
Mon, 13 Jan 2014 13:17:22 CET: class RSSThread, method run, Visiting: http://feeds.washingtonpost.com/rss/sports
Mon, 13 Jan 2014 13:18:22 CET: class RSSThread, method run, Visiting: http://newsfeed.zeit.de/kultur/index
Mon, 13 Jan 2014 13:19:23 CET: class RSSThread, method run, Visiting: http://www.faz.net/rss/aktuell/reise/
Mon, 13 Jan 2014 13:19:48 CET: class RSSThread, method run, Visiting: http://feeds.washingtonpost.com/rss/sports
Mon, 13 Jan 2014 13:20:23 CET: class RSSThread, method run, Visiting: http://www.spiegel.de/wirtschaft/index.rss
Mon, 13 Jan 2014 13:20:49 CET: class RSSThread, method run, Visiting: http://newsfeed.zeit.de/kultur/index
Mon, 13 Jan 2014 13:21:23 CET: class RSSThread, method run, Visiting: http://newsfeed.zeit.de/wirtschaft/index
Mon, 13 Jan 2014 13:21:49 CET: class RSSThread, method run, Visiting: http://www.faz.net/rss/aktuell/reise/
Mon, 13 Jan 2014 13:22:23 CET: class RSSThread, method run, Visiting: http://www.spiegel.de/wissenschaft/index.rss
Mon, 13 Jan 2014 13:22:49 CET: class RSSThread, method run, Visiting: http://www.spiegel.de/wirtschaft/index.rss
Mon, 13 Jan 2014 13:23:23 CET: class RSSThread, method run, Visiting: http://www.spiegel.de/kultur/index.rss
Mon, 13 Jan 2014 13:23:49 CET: class RSSThread, method run, Visiting: http://newsfeed.zeit.de/wirtschaft/index
Mon, 13 Jan 2014 13:24:23 CET: class RSSThread, method run, Visiting: http://www.spiegel.de/politik/index.rss
Mon, 13 Jan 2014 13:24:49 CET: class RSSThread, method run, Visiting: http://www.spiegel.de/wissenschaft/index.rss
Mon, 13 Jan 2014 13:25:23 CET: class RSSThread, method run, Visiting: http://newsfeed.zeit.de/auto/index
Mon, 13 Jan 2014 13:25:23 CET: class RSSThread, method run, Visiting: http://newsfeed.zeit.de/karriere/index
Mon, 13 Jan 2014 13:25:49 CET: class RSSThread, method run, Visiting: http://www.spiegel.de/kultur/index.rss
Mon, 13 Jan 2014 13:26:23 CET: class RSSThread, method run, Visiting: http://newsfeed.zeit.de/studium/index
Mon, 13 Jan 2014 13:26:49 CET: class RSSThread, method run, Visiting: http://www.spiegel.de/politik/index.rss
Mon, 13 Jan 2014 13:27:23 CET: class RSSThread, method run, Visiting: http://newsfeed.zeit.de/meinung/index
Mon, 13 Jan 2014 13:27:50 CET: class RSSThread, method run, Visiting: http://newsfeed.zeit.de/auto/index
Mon, 13 Jan 2014 13:27:50 CET: class RSSThread, method run, Visiting: http://newsfeed.zeit.de/karriere/index
Mon, 13 Jan 2014 13:28:23 CET: class RSSThread, method run, Visiting: http://newsfeed.zeit.de/politik/index
Mon, 13 Jan 2014 13:28:50 CET: class RSSThread, method run, Visiting: http://newsfeed.zeit.de/studium/index
Mon, 13 Jan 2014 13:29:23 CET: class RSSThread, method run, Visiting: http://www.faz.net/rss/aktuell/technik-motor/
Mon, 13 Jan 2014 13:29:50 CET: class RSSThread, method run, Visiting: http://newsfeed.zeit.de/meinung/index
Mon, 13 Jan 2014 13:30:50 CET: class RSSThread, method run, Visiting: http://newsfeed.zeit.de/politik/index
Mon, 13 Jan 2014 13:31:50 CET: class RSSThread, method run, Visiting: http://www.faz.net/rss/aktuell/technik-motor/
Mon, 13 Jan 2014 13:32:24 CET: class RSSThread, method run, Visiting: http://www.faz.net/rss/aktuell/finanzen/
Mon, 13 Jan 2014 13:33:24 CET: class RSSThread, method run, Visiting: http://newsfeed.zeit.de/gesellschaft/index
Mon, 13 Jan 2014 13:34:24 CET: class RSSThread, method run, Visiting: http://www.faz.net/rss/aktuell/sport/
Mon, 13 Jan 2014 13:34:50 CET: class RSSThread, method run, Visiting: http://www.faz.net/rss/aktuell/finanzen/
Mon, 13 Jan 2014 13:35:24 CET: class RSSThread, method run, Visiting: http://www.spiegel.de/sport/index.rss
Mon, 13 Jan 2014 13:35:50 CET: class RSSThread, method run, Visiting: http://newsfeed.zeit.de/gesellschaft/index
Mon, 13 Jan 2014 13:36:24 CET: class RSSThread, method run, Visiting: http://feeds.washingtonpost.com/rss/politics
Mon, 13 Jan 2014 13:36:50 CET: class RSSThread, method run, Visiting: http://www.faz.net/rss/aktuell/sport/
Mon, 13 Jan 2014 13:37:24 CET: class RSSThread, method run, Visiting: http://www.faz.net/rss/aktuell/gesellschaft/
Mon, 13 Jan 2014 13:37:50 CET: class RSSThread, method run, Visiting: http://www.spiegel.de/sport/index.rss
Mon, 13 Jan 2014 13:38:24 CET: class RSSThread, method run, Visiting: http://newsfeed.zeit.de/wissen/index
Mon, 13 Jan 2014 13:38:50 CET: class RSSThread, method run, Visiting: http://feeds.washingtonpost.com/rss/politics
Mon, 13 Jan 2014 13:39:24 CET: class RSSThread, method run, Visiting: http://rss.cnn.com/rss/edition_technology.rss
Mon, 13 Jan 2014 13:39:51 CET: class RSSThread, method run, Visiting: http://www.faz.net/rss/aktuell/gesellschaft/
Mon, 13 Jan 2014 13:40:24 CET: class RSSThread, method run, Visiting: http://www.faz.net/rss/aktuell/feuilleton/
Mon, 13 Jan 2014 13:40:51 CET: class RSSThread, method run, Visiting: http://newsfeed.zeit.de/wissen/index
Mon, 13 Jan 2014 13:41:25 CET: class RSSThread, method run, Visiting: http://rss.cnn.com/rss/edition_entertainment.rss
Mon, 13 Jan 2014 13:41:51 CET: class RSSThread, method run, Visiting: http://rss.cnn.com/rss/edition_technology.rss
Mon, 13 Jan 2014 13:42:25 CET: class RSSThread, method run, Visiting: http://www.faz.net/rss/aktuell/wissen/
Mon, 13 Jan 2014 13:42:51 CET: class RSSThread, method run, Visiting: http://www.faz.net/rss/aktuell/feuilleton/
Mon, 13 Jan 2014 13:43:25 CET: class RSSThread, method run, Visiting: http://newsfeed.zeit.de/digital/index
Mon, 13 Jan 2014 13:43:51 CET: class RSSThread, method run, Visiting: http://rss.cnn.com/rss/edition_entertainment.rss
Mon, 13 Jan 2014 13:44:25 CET: class RSSThread, method run, Visiting: http://rss.cnn.com/rss/edition.rss
Mon, 13 Jan 2014 13:44:51 CET: class RSSThread, method run, Visiting: http://www.faz.net/rss/aktuell/wissen/
Mon, 13 Jan 2014 13:45:25 CET: class RSSThread, method run, Visiting: http://www.faz.net/rss/aktuell/wirtschaft/
Mon, 13 Jan 2014 13:45:51 CET: class RSSThread, method run, Visiting: http://newsfeed.zeit.de/digital/index
Mon, 13 Jan 2014 13:46:25 CET: class RSSThread, method run, Visiting: http://newsfeed.zeit.de/reisen/index
Mon, 13 Jan 2014 13:46:51 CET: class RSSThread, method run, Visiting: http://rss.cnn.com/rss/edition.rss
Mon, 13 Jan 2014 13:47:25 CET: class RSSThread, method run, Visiting: http://newsfeed.zeit.de/lebensart/index
Mon, 13 Jan 2014 13:47:51 CET: class RSSThread, method run, Visiting: http://www.faz.net/rss/aktuell/wirtschaft/
Mon, 13 Jan 2014 13:48:25 CET: class RSSThread, method run, Visiting: http://www.faz.net/rss/aktuell/beruf-chance/
Mon, 13 Jan 2014 13:48:51 CET: class RSSThread, method run, Visiting: http://newsfeed.zeit.de/reisen/index
Mon, 13 Jan 2014 13:49:25 CET: class RSSThread, method run, Visiting: http://www.spiegel.de/netzwelt/index.rss
Mon, 13 Jan 2014 13:49:51 CET: class RSSThread, method run, Visiting: http://newsfeed.zeit.de/lebensart/index
Mon, 13 Jan 2014 13:50:25 CET: class RSSThread, method run, Visiting: http://www.faz.net/rss/aktuell/politik/
Mon, 13 Jan 2014 13:50:52 CET: class RSSThread, method run, Visiting: http://www.faz.net/rss/aktuell/beruf-chance/
Mon, 13 Jan 2014 13:51:25 CET: class RSSThread, method run, Visiting: http://newsfeed.zeit.de/sport/index
Mon, 13 Jan 2014 13:51:52 CET: class RSSThread, method run, Visiting: http://www.spiegel.de/netzwelt/index.rss
Mon, 13 Jan 2014 13:52:25 CET: class RSSThread, method run, Visiting: http://rss.cnn.com/rss/edition_business.rss
Mon, 13 Jan 2014 13:52:52 CET: class RSSThread, method run, Visiting: http://www.faz.net/rss/aktuell/politik/
Mon, 13 Jan 2014 13:53:26 CET: class RSSThread, method run, Visiting: http://rss.cnn.com/rss/edition_space.rss
Mon, 13 Jan 2014 13:53:26 CET: class RSSThread, method run, Visiting: http://rss.cnn.com/rss/edition_sport.rss
Mon, 13 Jan 2014 13:53:52 CET: class RSSThread, method run, Visiting: http://newsfeed.zeit.de/sport/index
Mon, 13 Jan 2014 13:54:26 CET: class RSSThread, method run, Visiting: http://feeds.washingtonpost.com/rss/sports
Mon, 13 Jan 2014 13:54:52 CET: class RSSThread, method run, Visiting: http://rss.cnn.com/rss/edition_business.rss
Mon, 13 Jan 2014 13:55:26 CET: class RSSThread, method run, Visiting: http://newsfeed.zeit.de/kultur/index
Mon, 13 Jan 2014 13:55:52 CET: class RSSThread, method run, Visiting: http://rss.cnn.com/rss/edition_space.rss
Mon, 13 Jan 2014 13:55:52 CET: class RSSThread, method run, Visiting: http://rss.cnn.com/rss/edition_sport.rss
Mon, 13 Jan 2014 13:56:26 CET: class RSSThread, method run, Visiting: http://www.faz.net/rss/aktuell/reise/
Mon, 13 Jan 2014 13:56:52 CET: class RSSThread, method run, Visiting: http://feeds.washingtonpost.com/rss/sports
Mon, 13 Jan 2014 13:57:26 CET: class RSSThread, method run, Visiting: http://www.spiegel.de/wirtschaft/index.rss
Mon, 13 Jan 2014 13:57:52 CET: class RSSThread, method run, Visiting: http://newsfeed.zeit.de/kultur/index
Mon, 13 Jan 2014 13:58:26 CET: class RSSThread, method run, Visiting: http://newsfeed.zeit.de/wirtschaft/index
Mon, 13 Jan 2014 13:58:52 CET: class RSSThread, method run, Visiting: http://www.faz.net/rss/aktuell/reise/
Mon, 13 Jan 2014 13:59:26 CET: class RSSThread, method run, Visiting: http://www.spiegel.de/wissenschaft/index.rss
Mon, 13 Jan 2014 13:59:53 CET: class RSSThread, method run, Visiting: http://www.spiegel.de/wirtschaft/index.rss
Mon, 13 Jan 2014 16:51:41 CET: class RSSThread, method run, Visiting: http://newsfeed.zeit.de/wirtschaft/index
Mon, 13 Jan 2014 16:51:41 CET: class RSSThread, method run, Visiting: http://www.spiegel.de/kultur/index.rss
Mon, 13 Jan 2014 16:51:41 CET: class RSSThread, method run, Visiting: http://www.spiegel.de/wissenschaft/index.rss
Mon, 13 Jan 2014 16:51:41 CET: class RSSThread, method run, Visiting: http://www.spiegel.de/politik/index.rss
Mon, 13 Jan 2014 16:51:41 CET: class RSSThread, method run, Visiting: http://newsfeed.zeit.de/auto/index
Mon, 13 Jan 2014 16:51:42 CET: class RSSThread, method run, Visiting: http://www.spiegel.de/kultur/index.rss
Mon, 13 Jan 2014 16:51:42 CET: class RSSThread, method run, Visiting: http://www.spiegel.de/politik/index.rss
Mon, 13 Jan 2014 16:51:42 CET: class RSSThread, method run, Visiting: http://newsfeed.zeit.de/auto/index
Mon, 13 Jan 2014 16:51:42 CET: class RSSThread, method run, Visiting: http://newsfeed.zeit.de/karriere/index
Mon, 13 Jan 2014 16:51:42 CET: class RSSThread, method run, Visiting: http://newsfeed.zeit.de/studium/index
Mon, 13 Jan 2014 16:51:42 CET: class RSSThread, method run, Visiting: http://newsfeed.zeit.de/karriere/index
Mon, 13 Jan 2014 16:51:42 CET: class RSSThread, method run, Visiting: http://newsfeed.zeit.de/meinung/index
Mon, 13 Jan 2014 16:51:42 CET: class RSSThread, method run, Visiting: http://newsfeed.zeit.de/studium/index
Mon, 13 Jan 2014 16:51:42 CET: class RSSThread, method run, Visiting: http://newsfeed.zeit.de/meinung/index
Mon, 13 Jan 2014 16:51:42 CET: class RSSThread, method run, Visiting: http://newsfeed.zeit.de/politik/index
Mon, 13 Jan 2014 16:51:42 CET: class RSSThread, method run, Visiting: http://newsfeed.zeit.de/politik/index
Mon, 13 Jan 2014 16:51:42 CET: class RSSThread, method run, Visiting: http://www.faz.net/rss/aktuell/technik-motor/
Mon, 13 Jan 2014 16:51:42 CET: class RSSThread, method run, Visiting: http://www.faz.net/rss/aktuell/technik-motor/
Mon, 13 Jan 2014 16:53:42 CET: class RSSThread, method run, Visiting: http://www.faz.net/rss/aktuell/finanzen/
Mon, 13 Jan 2014 16:53:42 CET: class RSSThread, method run, Visiting: http://www.faz.net/rss/aktuell/finanzen/
Mon, 13 Jan 2014 16:54:42 CET: class RSSThread, method run, Visiting: http://newsfeed.zeit.de/gesellschaft/index
Mon, 13 Jan 2014 16:54:42 CET: class RSSThread, method run, Visiting: http://newsfeed.zeit.de/gesellschaft/index
Mon, 13 Jan 2014 16:55:42 CET: class RSSThread, method run, Visiting: http://www.faz.net/rss/aktuell/sport/
Mon, 13 Jan 2014 16:55:42 CET: class RSSThread, method run, Visiting: http://www.faz.net/rss/aktuell/sport/
Mon, 13 Jan 2014 16:56:42 CET: class RSSThread, method run, Visiting: http://www.spiegel.de/sport/index.rss
Mon, 13 Jan 2014 16:56:42 CET: class RSSThread, method run, Visiting: http://www.spiegel.de/sport/index.rss
Mon, 13 Jan 2014 16:57:42 CET: class RSSThread, method run, Visiting: http://feeds.washingtonpost.com/rss/politics
Mon, 13 Jan 2014 16:57:42 CET: class RSSThread, method run, Visiting: http://feeds.washingtonpost.com/rss/politics
Mon, 13 Jan 2014 16:58:42 CET: class RSSThread, method run, Visiting: http://www.faz.net/rss/aktuell/gesellschaft/
Mon, 13 Jan 2014 16:58:42 CET: class RSSThread, method run, Visiting: http://www.faz.net/rss/aktuell/gesellschaft/
Mon, 13 Jan 2014 16:59:42 CET: class RSSThread, method run, Visiting: http://newsfeed.zeit.de/wissen/index
Mon, 13 Jan 2014 16:59:42 CET: class RSSThread, method run, Visiting: http://newsfeed.zeit.de/wissen/index
Mon, 13 Jan 2014 17:00:42 CET: class RSSThread, method run, Visiting: http://rss.cnn.com/rss/edition_technology.rss
Mon, 13 Jan 2014 17:00:42 CET: class RSSThread, method run, Visiting: http://rss.cnn.com/rss/edition_technology.rss
Mon, 13 Jan 2014 17:01:42 CET: class RSSThread, method run, Visiting: http://www.faz.net/rss/aktuell/feuilleton/
Mon, 13 Jan 2014 17:01:43 CET: class RSSThread, method run, Visiting: http://www.faz.net/rss/aktuell/feuilleton/
Mon, 13 Jan 2014 17:02:43 CET: class RSSThread, method run, Visiting: http://rss.cnn.com/rss/edition_entertainment.rss
Mon, 13 Jan 2014 17:02:43 CET: class RSSThread, method run, Visiting: http://rss.cnn.com/rss/edition_entertainment.rss
Mon, 13 Jan 2014 17:03:43 CET: class RSSThread, method run, Visiting: http://www.faz.net/rss/aktuell/wissen/
Mon, 13 Jan 2014 17:03:43 CET: class RSSThread, method run, Visiting: http://www.faz.net/rss/aktuell/wissen/
Mon, 13 Jan 2014 17:04:43 CET: class RSSThread, method run, Visiting: http://newsfeed.zeit.de/digital/index
Mon, 13 Jan 2014 17:04:43 CET: class RSSThread, method run, Visiting: http://newsfeed.zeit.de/digital/index
Mon, 13 Jan 2014 17:05:43 CET: class RSSThread, method run, Visiting: http://rss.cnn.com/rss/edition.rss
Mon, 13 Jan 2014 17:05:43 CET: class RSSThread, method run, Visiting: http://rss.cnn.com/rss/edition.rss
Mon, 13 Jan 2014 17:06:43 CET: class RSSThread, method run, Visiting: http://www.faz.net/rss/aktuell/wirtschaft/
Mon, 13 Jan 2014 17:06:43 CET: class RSSThread, method run, Visiting: http://www.faz.net/rss/aktuell/wirtschaft/
Mon, 13 Jan 2014 17:07:43 CET: class RSSThread, method run, Visiting: http://newsfeed.zeit.de/reisen/index
Mon, 13 Jan 2014 17:07:43 CET: class RSSThread, method run, Visiting: http://newsfeed.zeit.de/reisen/index
Mon, 13 Jan 2014 17:08:43 CET: class RSSThread, method run, Visiting: http://newsfeed.zeit.de/lebensart/index
Mon, 13 Jan 2014 17:08:43 CET: class RSSThread, method run, Visiting: http://newsfeed.zeit.de/lebensart/index
Mon, 13 Jan 2014 17:09:43 CET: class RSSThread, method run, Visiting: http://www.faz.net/rss/aktuell/beruf-chance/
Mon, 13 Jan 2014 17:09:43 CET: class RSSThread, method run, Visiting: http://www.faz.net/rss/aktuell/beruf-chance/
Mon, 13 Jan 2014 17:10:43 CET: class RSSThread, method run, Visiting: http://www.spiegel.de/netzwelt/index.rss
Mon, 13 Jan 2014 17:10:43 CET: class RSSThread, method run, Visiting: http://www.spiegel.de/netzwelt/index.rss
Mon, 13 Jan 2014 17:11:43 CET: class RSSThread, method run, Visiting: http://www.faz.net/rss/aktuell/politik/
Mon, 13 Jan 2014 17:11:43 CET: class RSSThread, method run, Visiting: http://www.faz.net/rss/aktuell/politik/
Mon, 13 Jan 2014 17:12:43 CET: class RSSThread, method run, Visiting: http://newsfeed.zeit.de/sport/index
Mon, 13 Jan 2014 17:12:43 CET: class RSSThread, method run, Visiting: http://newsfeed.zeit.de/sport/index
Mon, 13 Jan 2014 17:13:44 CET: class RSSThread, method run, Visiting: http://rss.cnn.com/rss/edition_business.rss
Mon, 13 Jan 2014 17:13:44 CET: class RSSThread, method run, Visiting: http://rss.cnn.com/rss/edition_business.rss
Mon, 13 Jan 2014 17:14:44 CET: class RSSThread, method run, Visiting: http://rss.cnn.com/rss/edition_space.rss
Mon, 13 Jan 2014 17:14:44 CET: class RSSThread, method run, Visiting: http://rss.cnn.com/rss/edition_space.rss
Mon, 13 Jan 2014 17:14:44 CET: class RSSThread, method run, Visiting: http://rss.cnn.com/rss/edition_sport.rss
Mon, 13 Jan 2014 17:14:44 CET: class RSSThread, method run, Visiting: http://rss.cnn.com/rss/edition_sport.rss
Mon, 13 Jan 2014 17:15:44 CET: class RSSThread, method run, Visiting: http://feeds.washingtonpost.com/rss/sports
Mon, 13 Jan 2014 17:15:44 CET: class RSSThread, method run, Visiting: http://feeds.washingtonpost.com/rss/sports
Mon, 13 Jan 2014 17:16:44 CET: class RSSThread, method run, Visiting: http://newsfeed.zeit.de/kultur/index
Mon, 13 Jan 2014 17:16:44 CET: class RSSThread, method run, Visiting: http://newsfeed.zeit.de/kultur/index
Mon, 13 Jan 2014 17:17:44 CET: class RSSThread, method run, Visiting: http://www.faz.net/rss/aktuell/reise/
Mon, 13 Jan 2014 17:17:44 CET: class RSSThread, method run, Visiting: http://www.faz.net/rss/aktuell/reise/
Mon, 13 Jan 2014 17:18:44 CET: class RSSThread, method run, Visiting: http://www.spiegel.de/wirtschaft/index.rss
Mon, 13 Jan 2014 17:18:44 CET: class RSSThread, method run, Visiting: http://www.spiegel.de/wirtschaft/index.rss
Mon, 13 Jan 2014 17:19:44 CET: class RSSThread, method run, Visiting: http://newsfeed.zeit.de/wirtschaft/index
Mon, 13 Jan 2014 17:19:44 CET: class RSSThread, method run, Visiting: http://newsfeed.zeit.de/wirtschaft/index
Mon, 13 Jan 2014 17:20:44 CET: class RSSThread, method run, Visiting: http://www.spiegel.de/wissenschaft/index.rss
Mon, 13 Jan 2014 17:20:44 CET: class RSSThread, method run, Visiting: http://www.spiegel.de/wissenschaft/index.rss
Mon, 13 Jan 2014 17:21:44 CET: class RSSThread, method run, Visiting: http://www.spiegel.de/kultur/index.rss
Mon, 13 Jan 2014 17:21:44 CET: class RSSThread, method run, Visiting: http://www.spiegel.de/kultur/index.rss
Mon, 13 Jan 2014 17:22:45 CET: class RSSThread, method run, Visiting: http://www.spiegel.de/politik/index.rss
Mon, 13 Jan 2014 17:22:45 CET: class RSSThread, method run, Visiting: http://www.spiegel.de/politik/index.rss
Mon, 13 Jan 2014 17:23:45 CET: class RSSThread, method run, Visiting: http://newsfeed.zeit.de/auto/index
Mon, 13 Jan 2014 17:23:45 CET: class RSSThread, method run, Visiting: http://newsfeed.zeit.de/karriere/index
Mon, 13 Jan 2014 17:23:45 CET: class RSSThread, method run, Visiting: http://newsfeed.zeit.de/auto/index
Mon, 13 Jan 2014 17:23:45 CET: class RSSThread, method run, Visiting: http://newsfeed.zeit.de/karriere/index
Mon, 13 Jan 2014 17:24:45 CET: class RSSThread, method run, Visiting: http://newsfeed.zeit.de/studium/index
Mon, 13 Jan 2014 17:24:45 CET: class RSSThread, method run, Visiting: http://newsfeed.zeit.de/studium/index
Mon, 13 Jan 2014 17:25:45 CET: class RSSThread, method run, Visiting: http://newsfeed.zeit.de/meinung/index
Mon, 13 Jan 2014 17:25:45 CET: class RSSThread, method run, Visiting: http://newsfeed.zeit.de/meinung/index
Mon, 13 Jan 2014 17:26:45 CET: class RSSThread, method run, Visiting: http://newsfeed.zeit.de/politik/index
Mon, 13 Jan 2014 17:26:45 CET: class RSSThread, method run, Visiting: http://newsfeed.zeit.de/politik/index
Mon, 13 Jan 2014 17:27:45 CET: class RSSThread, method run, Visiting: http://www.faz.net/rss/aktuell/technik-motor/
Mon, 13 Jan 2014 17:27:45 CET: class RSSThread, method run, Visiting: http://www.faz.net/rss/aktuell/technik-motor/
Mon, 13 Jan 2014 17:30:45 CET: class RSSThread, method run, Visiting: http://www.faz.net/rss/aktuell/finanzen/
Mon, 13 Jan 2014 17:30:45 CET: class RSSThread, method run, Visiting: http://www.faz.net/rss/aktuell/finanzen/
Mon, 13 Jan 2014 17:31:45 CET: class RSSThread, method run, Visiting: http://newsfeed.zeit.de/gesellschaft/index
Mon, 13 Jan 2014 17:31:45 CET: class RSSThread, method run, Visiting: http://newsfeed.zeit.de/gesellschaft/index
Mon, 13 Jan 2014 17:32:45 CET: class RSSThread, method run, Visiting: http://www.faz.net/rss/aktuell/sport/
Mon, 13 Jan 2014 17:32:45 CET: class RSSThread, method run, Visiting: http://www.faz.net/rss/aktuell/sport/
Mon, 13 Jan 2014 17:33:45 CET: class RSSThread, method run, Visiting: http://www.spiegel.de/sport/index.rss
Mon, 13 Jan 2014 17:33:45 CET: class RSSThread, method run, Visiting: http://www.spiegel.de/sport/index.rss
Mon, 13 Jan 2014 17:34:45 CET: class RSSThread, method run, Visiting: http://feeds.washingtonpost.com/rss/politics
Mon, 13 Jan 2014 17:34:46 CET: class RSSThread, method run, Visiting: http://feeds.washingtonpost.com/rss/politics
Mon, 13 Jan 2014 17:35:46 CET: class RSSThread, method run, Visiting: http://www.faz.net/rss/aktuell/gesellschaft/
Mon, 13 Jan 2014 17:35:46 CET: class RSSThread, method run, Visiting: http://www.faz.net/rss/aktuell/gesellschaft/
Mon, 13 Jan 2014 17:36:46 CET: class RSSThread, method run, Visiting: http://newsfeed.zeit.de/wissen/index
Mon, 13 Jan 2014 17:36:46 CET: class RSSThread, method run, Visiting: http://newsfeed.zeit.de/wissen/index
Mon, 13 Jan 2014 17:37:46 CET: class RSSThread, method run, Visiting: http://rss.cnn.com/rss/edition_technology.rss
Mon, 13 Jan 2014 17:37:46 CET: class RSSThread, method run, Visiting: http://rss.cnn.com/rss/edition_technology.rss
Mon, 13 Jan 2014 17:38:46 CET: class RSSThread, method run, Visiting: http://www.faz.net/rss/aktuell/feuilleton/
Mon, 13 Jan 2014 17:38:46 CET: class RSSThread, method run, Visiting: http://www.faz.net/rss/aktuell/feuilleton/
Mon, 13 Jan 2014 17:39:46 CET: class RSSThread, method run, Visiting: http://rss.cnn.com/rss/edition_entertainment.rss
Mon, 13 Jan 2014 17:39:46 CET: class RSSThread, method run, Visiting: http://rss.cnn.com/rss/edition_entertainment.rss
Mon, 13 Jan 2014 17:40:46 CET: class RSSThread, method run, Visiting: http://www.faz.net/rss/aktuell/wissen/
Mon, 13 Jan 2014 17:40:46 CET: class RSSThread, method run, Visiting: http://www.faz.net/rss/aktuell/wissen/
Mon, 13 Jan 2014 17:41:46 CET: class RSSThread, method run, Visiting: http://newsfeed.zeit.de/digital/index
Mon, 13 Jan 2014 17:41:46 CET: class RSSThread, method run, Visiting: http://newsfeed.zeit.de/digital/index
Mon, 13 Jan 2014 17:42:46 CET: class RSSThread, method run, Visiting: http://rss.cnn.com/rss/edition.rss
Mon, 13 Jan 2014 17:42:46 CET: class RSSThread, method run, Visiting: http://rss.cnn.com/rss/edition.rss
Mon, 13 Jan 2014 17:43:46 CET: class RSSThread, method run, Visiting: http://www.faz.net/rss/aktuell/wirtschaft/
Mon, 13 Jan 2014 17:43:46 CET: class RSSThread, method run, Visiting: http://www.faz.net/rss/aktuell/wirtschaft/
Mon, 13 Jan 2014 17:44:46 CET: class RSSThread, method run, Visiting: http://newsfeed.zeit.de/reisen/index
Mon, 13 Jan 2014 17:44:47 CET: class RSSThread, method run, Visiting: http://newsfeed.zeit.de/reisen/index
Mon, 13 Jan 2014 17:45:47 CET: class RSSThread, method run, Visiting: http://newsfeed.zeit.de/lebensart/index
Mon, 13 Jan 2014 17:45:47 CET: class RSSThread, method run, Visiting: http://newsfeed.zeit.de/lebensart/index
Mon, 13 Jan 2014 17:46:47 CET: class RSSThread, method run, Visiting: http://www.faz.net/rss/aktuell/beruf-chance/
Mon, 13 Jan 2014 17:46:47 CET: class RSSThread, method run, Visiting: http://www.faz.net/rss/aktuell/beruf-chance/
Mon, 13 Jan 2014 17:47:47 CET: class RSSThread, method run, Visiting: http://www.spiegel.de/netzwelt/index.rss
Mon, 13 Jan 2014 17:47:47 CET: class RSSThread, method run, Visiting: http://www.spiegel.de/netzwelt/index.rss
Mon, 13 Jan 2014 17:48:47 CET: class RSSThread, method run, Visiting: http://www.faz.net/rss/aktuell/politik/
Mon, 13 Jan 2014 17:48:47 CET: class RSSThread, method run, Visiting: http://www.faz.net/rss/aktuell/politik/
Mon, 13 Jan 2014 17:49:47 CET: class RSSThread, method run, Visiting: http://newsfeed.zeit.de/sport/index
Mon, 13 Jan 2014 17:49:47 CET: class RSSThread, method run, Visiting: http://newsfeed.zeit.de/sport/index
Mon, 13 Jan 2014 17:50:47 CET: class RSSThread, method run, Visiting: http://rss.cnn.com/rss/edition_business.rss
Mon, 13 Jan 2014 17:50:47 CET: class RSSThread, method run, Visiting: http://rss.cnn.com/rss/edition_business.rss
Mon, 13 Jan 2014 17:51:47 CET: class RSSThread, method run, Visiting: http://rss.cnn.com/rss/edition_space.rss
Mon, 13 Jan 2014 17:51:47 CET: class RSSThread, method run, Visiting: http://rss.cnn.com/rss/edition_space.rss
Mon, 13 Jan 2014 17:51:47 CET: class RSSThread, method run, Visiting: http://rss.cnn.com/rss/edition_sport.rss
Mon, 13 Jan 2014 17:51:47 CET: class RSSThread, method run, Visiting: http://rss.cnn.com/rss/edition_sport.rss
Mon, 13 Jan 2014 17:52:47 CET: class RSSThread, method run, Visiting: http://feeds.washingtonpost.com/rss/sports
Mon, 13 Jan 2014 17:52:47 CET: class RSSThread, method run, Visiting: http://feeds.washingtonpost.com/rss/sports
Mon, 13 Jan 2014 17:53:48 CET: class RSSThread, method run, Visiting: http://newsfeed.zeit.de/kultur/index
Mon, 13 Jan 2014 17:53:48 CET: class RSSThread, method run, Visiting: http://newsfeed.zeit.de/kultur/index
Mon, 13 Jan 2014 17:54:48 CET: class RSSThread, method run, Visiting: http://www.faz.net/rss/aktuell/reise/
Mon, 13 Jan 2014 17:54:48 CET: class RSSThread, method run, Visiting: http://www.faz.net/rss/aktuell/reise/
Mon, 13 Jan 2014 17:55:48 CET: class RSSThread, method run, Visiting: http://www.spiegel.de/wirtschaft/index.rss
Mon, 13 Jan 2014 17:55:48 CET: class RSSThread, method run, Visiting: http://www.spiegel.de/wirtschaft/index.rss
Mon, 13 Jan 2014 17:56:48 CET: class RSSThread, method run, Visiting: http://newsfeed.zeit.de/wirtschaft/index
Mon, 13 Jan 2014 17:56:48 CET: class RSSThread, method run, Visiting: http://newsfeed.zeit.de/wirtschaft/index
Mon, 13 Jan 2014 17:57:48 CET: class RSSThread, method run, Visiting: http://www.spiegel.de/wissenschaft/index.rss
Mon, 13 Jan 2014 17:57:48 CET: class RSSThread, method run, Visiting: http://www.spiegel.de/wissenschaft/index.rss
Mon, 13 Jan 2014 17:58:48 CET: class RSSThread, method run, Visiting: http://www.spiegel.de/kultur/index.rss
Mon, 13 Jan 2014 17:58:48 CET: class RSSThread, method run, Visiting: http://www.spiegel.de/kultur/index.rss
Mon, 13 Jan 2014 17:59:48 CET: class RSSThread, method run, Visiting: http://www.spiegel.de/politik/index.rss
Mon, 13 Jan 2014 17:59:48 CET: class RSSThread, method run, Visiting: http://www.spiegel.de/politik/index.rss
Mon, 13 Jan 2014 18:00:48 CET: class RSSThread, method run, Visiting: http://newsfeed.zeit.de/auto/index
Mon, 13 Jan 2014 18:00:48 CET: class RSSThread, method run, Visiting: http://newsfeed.zeit.de/karriere/index
Mon, 13 Jan 2014 18:00:48 CET: class RSSThread, method run, Visiting: http://newsfeed.zeit.de/auto/index
Mon, 13 Jan 2014 18:00:49 CET: class RSSThread, method run, Visiting: http://newsfeed.zeit.de/karriere/index
Mon, 13 Jan 2014 18:01:48 CET: class RSSThread, method run, Visiting: http://newsfeed.zeit.de/studium/index
Mon, 13 Jan 2014 18:01:49 CET: class RSSThread, method run, Visiting: http://newsfeed.zeit.de/studium/index
Mon, 13 Jan 2014 18:02:48 CET: class RSSThread, method run, Visiting: http://newsfeed.zeit.de/meinung/index
Mon, 13 Jan 2014 18:02:49 CET: class RSSThread, method run, Visiting: http://newsfeed.zeit.de/meinung/index
Mon, 13 Jan 2014 18:03:49 CET: class RSSThread, method run, Visiting: http://newsfeed.zeit.de/politik/index
Mon, 13 Jan 2014 18:03:49 CET: class RSSThread, method run, Visiting: http://newsfeed.zeit.de/politik/index
Mon, 13 Jan 2014 18:04:49 CET: class RSSThread, method run, Visiting: http://www.faz.net/rss/aktuell/technik-motor/
Mon, 13 Jan 2014 18:04:49 CET: class RSSThread, method run, Visiting: http://www.faz.net/rss/aktuell/technik-motor/
Mon, 13 Jan 2014 18:07:49 CET: class RSSThread, method run, Visiting: http://www.faz.net/rss/aktuell/finanzen/
Mon, 13 Jan 2014 18:07:49 CET: class RSSThread, method run, Visiting: http://www.faz.net/rss/aktuell/finanzen/
Mon, 13 Jan 2014 18:08:49 CET: class RSSThread, method run, Visiting: http://newsfeed.zeit.de/gesellschaft/index
Mon, 13 Jan 2014 18:08:49 CET: class RSSThread, method run, Visiting: http://newsfeed.zeit.de/gesellschaft/index
Tue, 24 Nov 2015 10:49:36 CET: class RSSThread, method update, Start to read new subscriptions
Tue, 24 Nov 2015 10:49:37 CET: class RSSThread, method update, Finish to read new subscriptions
Tue, 24 Nov 2015 10:49:37 CET: class RSSThread, method update, Start to read new sources
Tue, 24 Nov 2015 10:49:38 CET: class RSSThread, method update, Finish to read new sources
Tue, 24 Nov 2015 10:49:38 CET: class RSSThread, method run, RSS Server started!
Tue, 24 Nov 2015 10:49:38 CET: class RSSThread, method run, First visit: http://newsfeed.zeit.de/studium/index
Tue, 24 Nov 2015 10:50:39 CET: class RSSThread, method run, First visit: http://www.main-netz.de/rss/politik.xml
Tue, 24 Nov 2015 10:51:39 CET: class RSSThread, method run, First visit: http://www.faz.net/rss/aktuell/beruf-chance/
Tue, 24 Nov 2015 10:52:39 CET: class RSSThread, method run, First visit: http://newsfeed.zeit.de/gesellschaft/index
Tue, 24 Nov 2015 10:53:39 CET: class RSSThread, method run, First visit: http://rss.cnn.com/rss/edition_space.rss
Tue, 24 Nov 2015 10:54:39 CET: class RSSThread, method run, First visit: http://newsfeed.zeit.de/wirtschaft/index
Tue, 24 Nov 2015 10:55:40 CET: class RSSThread, method run, First visit: http://newsfeed.zeit.de/digital/index
Tue, 24 Nov 2015 10:56:40 CET: class RSSThread, method run, First visit: http://www.spiegel.de/sport/index.rss
Tue, 24 Nov 2015 10:57:20 CET: class RSSThread, method update, Start to read new subscriptions
Tue, 24 Nov 2015 10:57:20 CET: class RSSThread, method update, Finish to read new subscriptions
Tue, 24 Nov 2015 10:57:20 CET: class RSSThread, method update, Start to read new sources
Tue, 24 Nov 2015 10:57:21 CET: class RSSThread, method update, Finish to read new sources
Tue, 24 Nov 2015 10:57:21 CET: class RSSThread, method run, RSS Server started!
Tue, 24 Nov 2015 10:57:21 CET: class RSSThread, method run, First visit: http://newsfeed.zeit.de/studium/index
Tue, 24 Nov 2015 10:57:40 CET: class RSSThread, method run, First visit: http://www.faz.net/rss/aktuell/sport/
Tue, 24 Nov 2015 10:58:05 CET: class RSSThread, method update, Start to read new subscriptions
Tue, 24 Nov 2015 10:58:06 CET: class RSSThread, method update, Finish to read new subscriptions
Tue, 24 Nov 2015 10:58:06 CET: class RSSThread, method update, Start to read new sources
Tue, 24 Nov 2015 10:58:06 CET: class RSSThread, method update, Finish to read new sources
Tue, 24 Nov 2015 10:58:06 CET: class RSSThread, method run, RSS Server started!
Tue, 24 Nov 2015 10:58:06 CET: class RSSThread, method run, First visit: http://newsfeed.zeit.de/studium/index
Tue, 24 Nov 2015 10:58:21 CET: class RSSThread, method run, First visit: http://www.main-netz.de/rss/politik.xml
Tue, 24 Nov 2015 10:58:28 CET: class RSSThread, method run, First visit: http://www.main-netz.de/rss/politik.xml
Tue, 24 Nov 2015 10:58:39 CET: class RSSThread, method run, First visit: http://www.faz.net/rss/aktuell/beruf-chance/
Tue, 24 Nov 2015 10:58:40 CET: class RSSThread, method run, First visit: http://www.faz.net/rss/aktuell/feuilleton/
Tue, 24 Nov 2015 10:58:53 CET: class RSSThread, method run, Override interval with 5 minutes for Beruf & Chance - FAZ.NET
Tue, 24 Nov 2015 10:58:53 CET: class RSSThread, method run, First visit: http://newsfeed.zeit.de/gesellschaft/index
Tue, 24 Nov 2015 10:59:06 CET: class RSSThread, method run, First visit: http://rss.cnn.com/rss/edition_space.rss
Tue, 24 Nov 2015 10:59:09 CET: class RSSThread, method run, First visit: http://newsfeed.zeit.de/wirtschaft/index
Tue, 24 Nov 2015 10:59:21 CET: class RSSThread, method run, First visit: http://www.faz.net/rss/aktuell/beruf-chance/
Tue, 24 Nov 2015 10:59:21 CET: class RSSThread, method run, Override interval with 5 minutes for Beruf & Chance - FAZ.NET
Tue, 24 Nov 2015 10:59:21 CET: class RSSThread, method run, First visit: http://newsfeed.zeit.de/gesellschaft/index
Tue, 24 Nov 2015 10:59:21 CET: class RSSThread, method run, First visit: http://rss.cnn.com/rss/edition_space.rss
Tue, 24 Nov 2015 10:59:22 CET: class RSSThread, method run, First visit: http://newsfeed.zeit.de/wirtschaft/index
Tue, 24 Nov 2015 10:59:22 CET: class RSSThread, method run, First visit: http://newsfeed.zeit.de/digital/index
Tue, 24 Nov 2015 10:59:40 CET: class RSSThread, method run, First visit: http://www.spiegel.de/sport/index.rss
Tue, 24 Nov 2015 10:59:41 CET: class RSSThread, method run, First visit: http://www.faz.net/rss/aktuell/wissen/
Tue, 24 Nov 2015 10:59:44 CET: class RSSThread, method run, First visit: http://www.faz.net/rss/aktuell/sport/
Tue, 24 Nov 2015 11:00:00 CET: class RSSThread, method run, Override interval with 5 minutes for Sport - FAZ.NET
Tue, 24 Nov 2015 11:00:00 CET: class RSSThread, method run, First visit: http://www.faz.net/rss/aktuell/feuilleton/
Tue, 24 Nov 2015 11:00:22 CET: class RSSThread, method run, First visit: http://newsfeed.zeit.de/digital/index
Tue, 24 Nov 2015 11:00:22 CET: class RSSThread, method run, First visit: http://www.spiegel.de/sport/index.rss
Tue, 24 Nov 2015 11:00:22 CET: class RSSThread, method run, First visit: http://www.faz.net/rss/aktuell/sport/
Tue, 24 Nov 2015 11:00:22 CET: class RSSThread, method run, Override interval with 5 minutes for Feuilleton - FAZ.NET
Tue, 24 Nov 2015 11:00:22 CET: class RSSThread, method run, First visit: http://www.faz.net/rss/aktuell/wissen/
Tue, 24 Nov 2015 11:00:22 CET: class RSSThread, method run, Override interval with 5 minutes for Sport - FAZ.NET
Tue, 24 Nov 2015 11:00:22 CET: class RSSThread, method run, First visit: http://www.faz.net/rss/aktuell/feuilleton/
Tue, 24 Nov 2015 11:00:22 CET: class RSSThread, method run, Override interval with 5 minutes for Feuilleton - FAZ.NET
Tue, 24 Nov 2015 11:00:22 CET: class RSSThread, method run, First visit: http://www.faz.net/rss/aktuell/wissen/
Tue, 24 Nov 2015 11:00:27 CET: class RSSThread, method run, Override interval with 5 minutes for Wissen - FAZ.NET
Tue, 24 Nov 2015 11:00:27 CET: class RSSThread, method run, First visit: http://rss.cnn.com/rss/edition_sport.rss
Tue, 24 Nov 2015 11:00:41 CET: class RSSThread, method run, First visit: http://rss.cnn.com/rss/edition_sport.rss
Tue, 24 Nov 2015 11:00:49 CET: class RSSThread, method run, Override interval with 5 minutes for CNN.com - Sport
Tue, 24 Nov 2015 11:00:49 CET: class RSSThread, method run, First visit: http://www.faz.net/rss/aktuell/politik/
Tue, 24 Nov 2015 11:01:00 CET: class RSSThread, method run, Override interval with 5 minutes for Politik - FAZ.NET
Tue, 24 Nov 2015 11:01:00 CET: class RSSThread, method run, First visit: http://newsfeed.zeit.de/kultur/index
Tue, 24 Nov 2015 11:01:08 CET: class RSSThread, method run, First visit: http://www.faz.net/rss/aktuell/gesellschaft/
Tue, 24 Nov 2015 11:01:17 CET: class RSSThread, method run, Override interval with 5 minutes for Gesellschaft - FAZ.NET
Tue, 24 Nov 2015 11:01:17 CET: class RSSThread, method run, First visit: http://www.spiegel.de/politik/index.rss
Tue, 24 Nov 2015 11:01:21 CET: class RSSThread, method run, First visit: http://www.spiegel.de/wirtschaft/index.rss
Tue, 24 Nov 2015 11:01:22 CET: class RSSThread, method run, First visit: http://rss.cnn.com/rss/edition_sport.rss
Tue, 24 Nov 2015 11:01:23 CET: class RSSThread, method run, Override interval with 5 minutes for CNN.com - Sport
Tue, 24 Nov 2015 11:01:23 CET: class RSSThread, method run, First visit: http://www.faz.net/rss/aktuell/politik/
Tue, 24 Nov 2015 11:01:23 CET: class RSSThread, method run, Override interval with 5 minutes for Politik - FAZ.NET
Tue, 24 Nov 2015 11:01:23 CET: class RSSThread, method run, First visit: http://newsfeed.zeit.de/kultur/index
Tue, 24 Nov 2015 11:01:23 CET: class RSSThread, method run, First visit: http://www.faz.net/rss/aktuell/gesellschaft/
Tue, 24 Nov 2015 11:01:23 CET: class RSSThread, method run, Override interval with 5 minutes for Gesellschaft - FAZ.NET
Tue, 24 Nov 2015 11:01:23 CET: class RSSThread, method run, First visit: http://www.spiegel.de/politik/index.rss
Tue, 24 Nov 2015 11:01:23 CET: class RSSThread, method run, First visit: http://www.spiegel.de/wirtschaft/index.rss
Tue, 24 Nov 2015 11:01:26 CET: class RSSThread, method run, First visit: http://www.spiegel.de/netzwelt/index.rss
Tue, 24 Nov 2015 11:01:32 CET: class RSSThread, method run, First visit: http://newsfeed.zeit.de/wissen/index
Tue, 24 Nov 2015 11:01:42 CET: class RSSThread, method run, First visit: http://feeds.washingtonpost.com/rss/politics
Tue, 24 Nov 2015 11:02:23 CET: class RSSThread, method run, First visit: http://www.spiegel.de/netzwelt/index.rss
Tue, 24 Nov 2015 11:02:24 CET: class RSSThread, method run, First visit: http://newsfeed.zeit.de/wissen/index
Tue, 24 Nov 2015 11:02:33 CET: class RSSThread, method run, First visit: http://newsfeed.zeit.de/reisen/index
Tue, 24 Nov 2015 11:02:42 CET: class RSSThread, method run, First visit: http://feeds.washingtonpost.com/rss/sports
Tue, 24 Nov 2015 11:02:52 CET: class RSSThread, method run, First visit: http://feeds.washingtonpost.com/rss/politics
Tue, 24 Nov 2015 11:03:24 CET: class RSSThread, method run, First visit: http://newsfeed.zeit.de/reisen/index
Tue, 24 Nov 2015 11:03:24 CET: class RSSThread, method run, First visit: http://feeds.washingtonpost.com/rss/politics
Tue, 24 Nov 2015 11:03:43 CET: class RSSThread, method run, First visit: http://www.faz.net/rss/aktuell/politik/
Tue, 24 Nov 2015 11:03:43 CET: class RSSThread, method run, Override interval with 5 minutes for Politik - FAZ.NET
Tue, 24 Nov 2015 11:03:43 CET: class RSSThread, method run, First visit: http://newsfeed.zeit.de/kultur/index
Tue, 24 Nov 2015 11:03:43 CET: class RSSThread, method run, First visit: http://www.faz.net/rss/aktuell/gesellschaft/
Tue, 24 Nov 2015 11:03:43 CET: class RSSThread, method run, Override interval with 5 minutes for Gesellschaft - FAZ.NET
Tue, 24 Nov 2015 11:03:43 CET: class RSSThread, method run, First visit: http://www.spiegel.de/politik/index.rss
Tue, 24 Nov 2015 11:03:43 CET: class RSSThread, method run, First visit: http://www.spiegel.de/wirtschaft/index.rss
Tue, 24 Nov 2015 11:03:43 CET: class RSSThread, method run, First visit: http://www.spiegel.de/netzwelt/index.rss
Tue, 24 Nov 2015 11:03:43 CET: class RSSThread, method run, First visit: http://newsfeed.zeit.de/wissen/index
Tue, 24 Nov 2015 11:03:53 CET: class RSSThread, method run, First visit: http://www.main-netz.de/rss/wissenschaft.xml
Tue, 24 Nov 2015 11:04:02 CET: class RSSThread, method run, First visit: http://newsfeed.zeit.de/lebensart/index
Tue, 24 Nov 2015 11:04:02 CET: class RSSThread, method run, First visit: http://www.faz.net/rss/aktuell/wirtschaft/
Tue, 24 Nov 2015 11:04:12 CET: class RSSThread, method run, Override interval with 5 minutes for Wirtschaft - FAZ.NET
Tue, 24 Nov 2015 11:04:12 CET: class RSSThread, method run, First visit: http://rss.cnn.com/rss/edition_technology.rss
Tue, 24 Nov 2015 11:04:25 CET: class RSSThread, method run, First visit: http://www.main-netz.de/rss/wissenschaft.xml
Tue, 24 Nov 2015 11:04:25 CET: class RSSThread, method run, First visit: http://newsfeed.zeit.de/lebensart/index
Tue, 24 Nov 2015 11:04:25 CET: class RSSThread, method run, First visit: http://www.faz.net/rss/aktuell/wirtschaft/
Tue, 24 Nov 2015 11:04:25 CET: class RSSThread, method run, Override interval with 5 minutes for Wirtschaft - FAZ.NET
Tue, 24 Nov 2015 11:04:25 CET: class RSSThread, method run, First visit: http://rss.cnn.com/rss/edition_technology.rss
Tue, 24 Nov 2015 11:04:43 CET: class RSSThread, method run, First visit: http://newsfeed.zeit.de/reisen/index
Tue, 24 Nov 2015 11:04:43 CET: class RSSThread, method run, First visit: http://www.main-netz.de/rss/wissenschaft.xml
Tue, 24 Nov 2015 11:04:44 CET: class RSSThread, method run, First visit: http://newsfeed.zeit.de/lebensart/index
Tue, 24 Nov 2015 11:04:44 CET: class RSSThread, method run, First visit: http://www.faz.net/rss/aktuell/wirtschaft/
Tue, 24 Nov 2015 11:04:44 CET: class RSSThread, method run, Override interval with 5 minutes for Wirtschaft - FAZ.NET
Tue, 24 Nov 2015 11:04:44 CET: class RSSThread, method run, First visit: http://rss.cnn.com/rss/edition_technology.rss
Tue, 24 Nov 2015 11:04:48 CET: class RSSThread, method run, Override interval with 5 minutes for CNN.com - Technology
Tue, 24 Nov 2015 11:04:48 CET: class RSSThread, method run, First visit: http://www.faz.net/rss/aktuell/reise/
Tue, 24 Nov 2015 11:04:54 CET: class RSSThread, method run, Override interval with 5 minutes for Reise - FAZ.NET
Tue, 24 Nov 2015 11:04:54 CET: class RSSThread, method run, First visit: http://feeds.washingtonpost.com/rss/sports
Tue, 24 Nov 2015 11:05:26 CET: class RSSThread, method run, First visit: http://www.faz.net/rss/aktuell/reise/
Tue, 24 Nov 2015 11:05:26 CET: class RSSThread, method run, Override interval with 5 minutes for Reise - FAZ.NET
Tue, 24 Nov 2015 11:05:26 CET: class RSSThread, method run, First visit: http://feeds.washingtonpost.com/rss/sports
Tue, 24 Nov 2015 11:05:45 CET: class RSSThread, method run, First visit: http://www.faz.net/rss/aktuell/reise/
Tue, 24 Nov 2015 11:05:45 CET: class RSSThread, method run, Override interval with 5 minutes for Reise - FAZ.NET
Tue, 24 Nov 2015 11:05:45 CET: class RSSThread, method run, First visit: http://www.faz.net/rss/aktuell/finanzen/
Tue, 24 Nov 2015 11:05:55 CET: class RSSThread, method run, First visit: http://www.faz.net/rss/aktuell/finanzen/
Tue, 24 Nov 2015 11:05:58 CET: class RSSThread, method run, Override interval with 5 minutes for Finanzen - FAZ.NET
Tue, 24 Nov 2015 11:05:58 CET: class RSSThread, method run, First visit: http://www.faz.net/rss/aktuell/technik-motor/
Tue, 24 Nov 2015 11:06:02 CET: class RSSThread, method run, Override interval with 5 minutes for Technik & Motor - FAZ.NET
Tue, 24 Nov 2015 11:06:02 CET: class RSSThread, method run, First visit: http://rss.cnn.com/rss/edition.rss
Tue, 24 Nov 2015 11:06:19 CET: class RSSThread, method run, Override interval with 5 minutes for CNN.com - Top Stories
Tue, 24 Nov 2015 11:06:19 CET: class RSSThread, method run, First visit: http://www.spiegel.de/wissenschaft/index.rss
Tue, 24 Nov 2015 11:06:24 CET: class RSSThread, method run, First visit: http://newsfeed.zeit.de/politik/index
Tue, 24 Nov 2015 11:06:27 CET: class RSSThread, method run, First visit: http://www.faz.net/rss/aktuell/finanzen/
Tue, 24 Nov 2015 11:06:27 CET: class RSSThread, method run, Override interval with 5 minutes for Finanzen - FAZ.NET
Tue, 24 Nov 2015 11:06:27 CET: class RSSThread, method run, First visit: http://www.faz.net/rss/aktuell/technik-motor/
Tue, 24 Nov 2015 11:06:27 CET: class RSSThread, method run, Override interval with 5 minutes for Technik & Motor - FAZ.NET
Tue, 24 Nov 2015 11:06:27 CET: class RSSThread, method run, First visit: http://rss.cnn.com/rss/edition.rss
Tue, 24 Nov 2015 11:06:27 CET: class RSSThread, method run, Override interval with 5 minutes for CNN.com - Top Stories
Tue, 24 Nov 2015 11:06:27 CET: class RSSThread, method run, First visit: http://www.spiegel.de/wissenschaft/index.rss
Tue, 24 Nov 2015 11:06:28 CET: class RSSThread, method run, First visit: http://newsfeed.zeit.de/politik/index
Tue, 24 Nov 2015 11:06:35 CET: class RSSThread, method run, First visit: http://newsfeed.zeit.de/sport/index
Tue, 24 Nov 2015 11:06:41 CET: class RSSThread, method run, First visit: http://newsfeed.zeit.de/meinung/index
Tue, 24 Nov 2015 11:06:41 CET: class RSSThread, method run, First visit: http://newsfeed.zeit.de/auto/index
Tue, 24 Nov 2015 11:06:41 CET: class RSSThread, method run, First visit: http://newsfeed.zeit.de/karriere/index
Tue, 24 Nov 2015 11:06:45 CET: class RSSThread, method run, First visit: http://www.faz.net/rss/aktuell/technik-motor/
Tue, 24 Nov 2015 11:06:45 CET: class RSSThread, method run, Override interval with 5 minutes for Technik & Motor - FAZ.NET
Tue, 24 Nov 2015 11:06:45 CET: class RSSThread, method run, First visit: http://rss.cnn.com/rss/edition.rss
Tue, 24 Nov 2015 11:06:46 CET: class RSSThread, method run, Override interval with 5 minutes for CNN.com - Top Stories
Tue, 24 Nov 2015 11:06:46 CET: class RSSThread, method run, First visit: http://www.spiegel.de/wissenschaft/index.rss
Tue, 24 Nov 2015 11:06:46 CET: class RSSThread, method run, First visit: http://newsfeed.zeit.de/politik/index
Tue, 24 Nov 2015 11:06:50 CET: class RSSThread, method run, First visit: http://rss.cnn.com/rss/edition_entertainment.rss
Wed, 25 Nov 2015 14:21:11 CET: class RSSThread, method update, Start to read new subscriptions
Wed, 25 Nov 2015 14:21:11 CET: class RSSThread, method update, Finish to read new subscriptions
Wed, 25 Nov 2015 14:21:11 CET: class RSSThread, method update, Start to read new sources
Wed, 25 Nov 2015 14:21:11 CET: class RSSThread, method update, Finish to read new sources
Wed, 25 Nov 2015 14:21:11 CET: class RSSThread, method run, RSS Server started!
Wed, 25 Nov 2015 14:21:11 CET: class RSSThread, method run, First visit: http://newsfeed.zeit.de/studium/index
Tue, 15 Dec 2015 09:55:27 CET: class RSSThread, method update, Start to read new subscriptions
Tue, 15 Dec 2015 09:55:27 CET: class RSSThread, method update, Finish to read new subscriptions
Tue, 15 Dec 2015 09:55:27 CET: class RSSThread, method update, Start to read new sources
Tue, 15 Dec 2015 09:55:27 CET: class RSSThread, method update, Finish to read new sources
Tue, 15 Dec 2015 09:55:27 CET: class RSSThread, method run, RSS Server started!
Tue, 15 Dec 2015 09:55:27 CET: class RSSThread, method run, First visit: http://newsfeed.zeit.de/studium/index
Tue, 15 Dec 2015 09:55:30 CET: class RSSThread, method run, First visit: http://www.main-netz.de/rss/politik.xml
Tue, 15 Dec 2015 09:55:30 CET: class RSSThread, method run, First visit: http://www.faz.net/rss/aktuell/beruf-chance/
Tue, 15 Dec 2015 09:55:40 CET: class RSSThread, method run, Override interval with 5 minutes for Beruf & Chance - FAZ.NET
Tue, 15 Dec 2015 09:55:40 CET: class RSSThread, method run, First visit: http://www.spiegel.de/netzwelt/index.rss
Tue, 15 Dec 2015 10:01:12 CET: class RSSThread, method update, Start to read new subscriptions
Tue, 15 Dec 2015 10:01:13 CET: class RSSThread, method update, Finish to read new subscriptions
Tue, 15 Dec 2015 10:01:13 CET: class RSSThread, method update, Start to read new sources
Tue, 15 Dec 2015 10:01:13 CET: class RSSThread, method update, Finish to read new sources
Tue, 15 Dec 2015 10:01:13 CET: class RSSThread, method run, RSS Server started!
Tue, 15 Dec 2015 10:01:13 CET: class RSSThread, method run, First visit: http://newsfeed.zeit.de/studium/index
Tue, 15 Dec 2015 10:01:13 CET: class RSSThread, method run, First visit: http://www.main-netz.de/rss/politik.xml
Tue, 15 Dec 2015 10:01:13 CET: class RSSThread, method run, First visit: http://www.faz.net/rss/aktuell/beruf-chance/
Tue, 15 Dec 2015 10:01:14 CET: class RSSThread, method run, Override interval with 5 minutes for Beruf & Chance - FAZ.NET
Tue, 15 Dec 2015 10:01:14 CET: class RSSThread, method run, First visit: http://newsfeed.zeit.de/gesellschaft/index
